<?xml version="1.0" encoding="UTF-8"?>
<!-- Generated by org.testng.reporters.JUnitXMLReporter -->
<testsuite ignored="0" hostname="bafeecfbfcebfaf332364376fcfbcaffdcacaone-0" failures="0" tests="3" name="Surefire test" time="27.639" errors="0" timestamp="2025-08-21T16:32:21 UTC">
  <testcase classname="runner.IhclTest" name="testOne" time="7.362"/>
  <testcase classname="runner.IhclTest" name="testThree" time="2.706"/>
  <testcase classname="runner.IhclTest" name="testTwo" time="0.821"/>
</testsuite> <!-- Surefire test -->
