<?xml version="1.0" encoding="UTF-8"?>
<testng-results ignored="0" total="2" passed="2" failed="0" skipped="0">
  <reporter-output>
  </reporter-output>
  <suite started-at="2025-08-21T15:41:26 UTC" name="Surefire suite" finished-at="2025-08-21T15:42:13 UTC" duration-ms="47390">
    <groups>
    </groups>
    <test started-at="2025-08-21T15:41:26 UTC" name="Surefire test" finished-at="2025-08-21T15:42:13 UTC" duration-ms="47390">
      <class name="runner.IhclTest">
        <test-method is-config="true" signature="extentSetUp()[pri:0, instance:runner.IhclTest@659a969b]" started-at="2025-08-21T15:41:26 UTC" name="extentSetUp" finished-at="2025-08-21T15:41:26 UTC" duration-ms="241" status="PASS">
          <reporter-output>
          </reporter-output>
        </test-method> <!-- extentSetUp -->
        <test-method is-config="true" signature="setUp()[pri:0, instance:runner.IhclTest@659a969b]" started-at="2025-08-21T15:41:26 UTC" name="setUp" finished-at="2025-08-21T15:41:59 UTC" duration-ms="32947" status="PASS">
          <reporter-output>
          </reporter-output>
        </test-method> <!-- setUp -->
        <test-method signature="testOne()[pri:0, instance:runner.IhclTest@659a969b]" started-at="2025-08-21T15:41:59 UTC" name="testOne" finished-at="2025-08-21T15:42:07 UTC" duration-ms="8357" status="PASS">
          <reporter-output>
          </reporter-output>
        </test-method> <!-- testOne -->
        <test-method is-config="true" signature="tearDown(org.testng.ITestResult)[pri:0, instance:runner.IhclTest@659a969b]" started-at="2025-08-21T15:42:07 UTC" name="tearDown" finished-at="2025-08-21T15:42:07 UTC" duration-ms="168" status="PASS">
          <params>
            <param index="0">
              <value>
                <![CDATA[[TestResult name=testOne status=SUCCESS method=IhclTest.testOne()[pri:0, instance:runner.IhclTest@659a969b] output={null}]]]>
              </value>
            </param>
          </params>
          <reporter-output>
          </reporter-output>
        </test-method> <!-- tearDown -->
        <test-method is-config="true" signature="setUp()[pri:0, instance:runner.IhclTest@659a969b]" started-at="2025-08-21T15:42:07 UTC" name="setUp" finished-at="2025-08-21T15:42:12 UTC" duration-ms="4322" status="PASS">
          <reporter-output>
          </reporter-output>
        </test-method> <!-- setUp -->
        <test-method signature="testTwo()[pri:0, instance:runner.IhclTest@659a969b]" started-at="2025-08-21T15:42:12 UTC" name="testTwo" finished-at="2025-08-21T15:42:13 UTC" duration-ms="894" status="PASS">
          <reporter-output>
          </reporter-output>
        </test-method> <!-- testTwo -->
        <test-method is-config="true" signature="tearDown(org.testng.ITestResult)[pri:0, instance:runner.IhclTest@659a969b]" started-at="2025-08-21T15:42:13 UTC" name="tearDown" finished-at="2025-08-21T15:42:13 UTC" duration-ms="184" status="PASS">
          <params>
            <param index="0">
              <value>
                <![CDATA[[TestResult name=testTwo status=SUCCESS method=IhclTest.testTwo()[pri:0, instance:runner.IhclTest@659a969b] output={null}]]]>
              </value>
            </param>
          </params>
          <reporter-output>
          </reporter-output>
        </test-method> <!-- tearDown -->
        <test-method is-config="true" signature="flushOut()[pri:0, instance:runner.IhclTest@659a969b]" started-at="2025-08-21T15:42:13 UTC" name="flushOut" finished-at="2025-08-21T15:42:13 UTC" duration-ms="207" status="PASS">
          <reporter-output>
          </reporter-output>
        </test-method> <!-- flushOut -->
      </class> <!-- runner.IhclTest -->
    </test> <!-- Surefire test -->
  </suite> <!-- Surefire suite -->
</testng-results>
