<?xml version="1.0" encoding="UTF-8"?>
<testng-results ignored="0" total="1" passed="1" failed="0" skipped="0">
  <reporter-output>
  </reporter-output>
  <suite started-at="2025-08-21T14:44:17 UTC" name="Surefire suite" finished-at="2025-08-21T14:44:36 UTC" duration-ms="19037">
    <groups>
    </groups>
    <test started-at="2025-08-21T14:44:17 UTC" name="Surefire test" finished-at="2025-08-21T14:44:36 UTC" duration-ms="19037">
      <class name="runner.IhclTest">
        <test-method is-config="true" signature="extentSetUp()[pri:0, instance:runner.IhclTest@6fe7aac8]" started-at="2025-08-21T14:44:17 UTC" name="extentSetUp" finished-at="2025-08-21T14:44:17 UTC" duration-ms="222" status="PASS">
          <reporter-output>
          </reporter-output>
        </test-method> <!-- extentSetUp -->
        <test-method is-config="true" signature="setUp()[pri:0, instance:runner.IhclTest@6fe7aac8]" started-at="2025-08-21T14:44:17 UTC" name="setUp" finished-at="2025-08-21T14:44:25 UTC" duration-ms="7698" status="PASS">
          <reporter-output>
          </reporter-output>
        </test-method> <!-- setUp -->
        <test-method signature="testOne()[pri:0, instance:runner.IhclTest@6fe7aac8]" started-at="2025-08-21T14:44:25 UTC" name="testOne" finished-at="2025-08-21T14:44:35 UTC" duration-ms="10570" status="PASS">
          <reporter-output>
          </reporter-output>
        </test-method> <!-- testOne -->
        <test-method is-config="true" signature="tearDown()[pri:0, instance:runner.IhclTest@6fe7aac8]" started-at="2025-08-21T14:44:35 UTC" name="tearDown" finished-at="2025-08-21T14:44:35 UTC" duration-ms="213" status="PASS">
          <reporter-output>
          </reporter-output>
        </test-method> <!-- tearDown -->
        <test-method is-config="true" signature="flushOut()[pri:0, instance:runner.IhclTest@6fe7aac8]" started-at="2025-08-21T14:44:35 UTC" name="flushOut" finished-at="2025-08-21T14:44:36 UTC" duration-ms="305" status="PASS">
          <reporter-output>
          </reporter-output>
        </test-method> <!-- flushOut -->
      </class> <!-- runner.IhclTest -->
    </test> <!-- Surefire test -->
  </suite> <!-- Surefire suite -->
</testng-results>
